This file contains any messages produced by compilers while
running configure, to aid debugging if configure makes a mistake.

It was created by libffi configure 3.4.2, which was
generated by GNU Autoconf 2.69.  Invocation command line was

  $ .././configure --srcdir=.. --enable-builddir=x86_64-pc-linux-gnu --prefix=/home/ad.rapidops.com/yash.dubey/local CPPFLAGS=-I/home/ad.rapidops.com/yash.dubey/local/zlib/include

## --------- ##
## Platform. ##
## --------- ##

hostname = RSPL-452
uname -m = x86_64
uname -r = 5.15.0-136-generic
uname -s = Linux
uname -v = #147~20.04.1-Ubuntu SMP Wed Mar 19 16:13:14 UTC 2025

/usr/bin/uname -p = x86_64
/bin/uname -X     = unknown

/bin/arch              = x86_64
/usr/bin/arch -k       = unknown
/usr/convex/getsysinfo = unknown
/usr/bin/hostinfo      = unknown
/bin/machine           = unknown
/usr/bin/oslevel       = unknown
/bin/universe          = unknown

PATH: /home/ad.rapidops.com/yash.dubey/local/python39/bin
PATH: /home/ad.rapidops.com/yash.dubey/bin
PATH: /home/ad.rapidops.com/yash.dubey/.local/bin
PATH: /home/ad.rapidops.com/yash.dubey/bin
PATH: /home/ad.rapidops.com/yash.dubey/bin
PATH: /home/ad.rapidops.com/yash.dubey/.local/bin
PATH: /home/ad.rapidops.com/yash.dubey/bin
PATH: /home/ad.rapidops.com/yash.dubey/.nvm/versions/node/v16.20.2/bin
PATH: /home/ad.rapidops.com/yash.dubey/.cargo/bin
PATH: /home/ad.rapidops.com/yash.dubey/.local/bin
PATH: /home/ad.rapidops.com/yash.dubey/bin
PATH: /usr/local/sbin
PATH: /usr/local/bin
PATH: /usr/sbin
PATH: /usr/bin
PATH: /sbin
PATH: /bin
PATH: /usr/games
PATH: /usr/local/games
PATH: /snap/bin
PATH: /home/ad.rapidops.com/yash.dubey/solr-9.6.1/bin
PATH: /home/ad.rapidops.com/yash.dubey/solr-9.6.1/bin


## ----------- ##
## Core tests. ##
## ----------- ##

configure:2703: checking build system type
configure:2717: result: x86_64-pc-linux-gnu
configure:2737: checking host system type
configure:2750: result: x86_64-pc-linux-gnu
configure:2770: checking target system type
configure:2783: result: x86_64-pc-linux-gnu
configure:2880: checking for gsed
configure:2911: result: sed
configure:2939: checking for a BSD-compatible install
configure:3007: result: /usr/bin/install -c
configure:3018: checking whether build environment is sane
configure:3073: result: yes
configure:3219: checking for a thread-safe mkdir -p
configure:3258: result: /usr/bin/mkdir -p
configure:3265: checking for gawk
configure:3295: result: no
configure:3265: checking for mawk
configure:3281: found /usr/bin/mawk
configure:3292: result: mawk
configure:3303: checking whether make sets $(MAKE)
configure:3325: result: yes
configure:3354: checking whether make supports nested variables
configure:3371: result: yes
configure:3556: checking for gcc
configure:3572: found /usr/bin/gcc
configure:3583: result: gcc
configure:3812: checking for C compiler version
configure:3821: gcc --version >&5
gcc (Ubuntu 9.4.0-1ubuntu1~20.04.2) 9.4.0
Copyright (C) 2019 Free Software Foundation, Inc.
This is free software; see the source for copying conditions.  There is NO
warranty; not even for MERCHANTABILITY or FITNESS FOR A PARTICULAR PURPOSE.

configure:3832: $? = 0
configure:3821: gcc -v >&5
Using built-in specs.
COLLECT_GCC=gcc
COLLECT_LTO_WRAPPER=/usr/lib/gcc/x86_64-linux-gnu/9/lto-wrapper
OFFLOAD_TARGET_NAMES=nvptx-none:hsa
OFFLOAD_TARGET_DEFAULT=1
Target: x86_64-linux-gnu
Configured with: ../src/configure -v --with-pkgversion='Ubuntu 9.4.0-1ubuntu1~20.04.2' --with-bugurl=file:///usr/share/doc/gcc-9/README.Bugs --enable-languages=c,ada,c++,go,brig,d,fortran,objc,obj-c++,gm2 --prefix=/usr --with-gcc-major-version-only --program-suffix=-9 --program-prefix=x86_64-linux-gnu- --enable-shared --enable-linker-build-id --libexecdir=/usr/lib --without-included-gettext --enable-threads=posix --libdir=/usr/lib --enable-nls --enable-clocale=gnu --enable-libstdcxx-debug --enable-libstdcxx-time=yes --with-default-libstdcxx-abi=new --enable-gnu-unique-object --disable-vtable-verify --enable-plugin --enable-default-pie --with-system-zlib --with-target-system-zlib=auto --enable-objc-gc=auto --enable-multiarch --disable-werror --with-arch-32=i686 --with-abi=m64 --with-multilib-list=m32,m64,mx32 --enable-multilib --with-tune=generic --enable-offload-targets=nvptx-none=/build/gcc-9-9QDOt0/gcc-9-9.4.0/debian/tmp-nvptx/usr,hsa --without-cuda-driver --enable-checking=release --build=x86_64-linux-gnu --host=x86_64-linux-gnu --target=x86_64-linux-gnu
Thread model: posix
gcc version 9.4.0 (Ubuntu 9.4.0-1ubuntu1~20.04.2) 
configure:3832: $? = 0
configure:3821: gcc -V >&5
gcc: error: unrecognized command line option '-V'
gcc: fatal error: no input files
compilation terminated.
configure:3832: $? = 1
configure:3821: gcc -qversion >&5
gcc: error: unrecognized command line option '-qversion'; did you mean '--version'?
gcc: fatal error: no input files
compilation terminated.
configure:3832: $? = 1
configure:3852: checking whether the C compiler works
configure:3874: gcc  -I/home/ad.rapidops.com/yash.dubey/local/zlib/include -L/home/ad.rapidops.com/yash.dubey/local/zlib/lib conftest.c  >&5
configure:3878: $? = 0
configure:3926: result: yes
configure:3929: checking for C compiler default output file name
configure:3931: result: a.out
configure:3937: checking for suffix of executables
configure:3944: gcc -o conftest  -I/home/ad.rapidops.com/yash.dubey/local/zlib/include -L/home/ad.rapidops.com/yash.dubey/local/zlib/lib conftest.c  >&5
configure:3948: $? = 0
configure:3970: result: 
configure:3992: checking whether we are cross compiling
configure:4000: gcc -o conftest  -I/home/ad.rapidops.com/yash.dubey/local/zlib/include -L/home/ad.rapidops.com/yash.dubey/local/zlib/lib conftest.c  >&5
configure:4004: $? = 0
configure:4011: ./conftest
configure:4015: $? = 0
configure:4003: result: no
configure:4008: checking for suffix of object files
configure:4030: gcc -c  -I/home/ad.rapidops.com/yash.dubey/local/zlib/include conftest.c >&5
configure:4034: $? = 0
configure:4055: result: o
configure:4059: checking whether we are using the GNU C compiler
configure:4078: gcc -c  -I/home/ad.rapidops.com/yash.dubey/local/zlib/include conftest.c >&5
configure:4078: $? = 0
configure:4087: result: yes
configure:4096: checking whether gcc accepts -g
configure:4116: gcc -c -g -I/home/ad.rapidops.com/yash.dubey/local/zlib/include conftest.c >&5
configure:4116: $? = 0
configure:4157: result: yes
configure:4174: checking for gcc option to accept ISO C89
configure:4237: gcc  -c -g -O2 -I/home/ad.rapidops.com/yash.dubey/local/zlib/include conftest.c >&5
configure:4237: $? = 0
configure:4250: result: none needed
configure:4275: checking whether gcc understands -c and -o together
configure:4297: gcc -c conftest.c -o conftest2.o
configure:4300: $? = 0
configure:4297: gcc -c conftest.c -o conftest2.o
configure:4300: $? = 0
configure:4312: result: yes
configure:4332: checking whether make supports the include directive
configure:4347: make -f confmf.GNU && cat confinc.out
this is the am__doit target
configure:4350: $? = 0
configure:4369: result: yes (GNU style)
configure:4394: checking dependency style of gcc
configure:4505: result: gcc3
configure:4578: checking for g++
configure:4594: found /usr/bin/g++
configure:4605: result: g++
configure:4632: checking for C++ compiler version
configure:4641: g++ --version >&5
g++ (Ubuntu 9.4.0-1ubuntu1~20.04.2) 9.4.0
Copyright (C) 2019 Free Software Foundation, Inc.
This is free software; see the source for copying conditions.  There is NO
warranty; not even for MERCHANTABILITY or FITNESS FOR A PARTICULAR PURPOSE.

configure:4652: $? = 0
configure:4641: g++ -v >&5
Using built-in specs.
COLLECT_GCC=g++
COLLECT_LTO_WRAPPER=/usr/lib/gcc/x86_64-linux-gnu/9/lto-wrapper
OFFLOAD_TARGET_NAMES=nvptx-none:hsa
OFFLOAD_TARGET_DEFAULT=1
Target: x86_64-linux-gnu
Configured with: ../src/configure -v --with-pkgversion='Ubuntu 9.4.0-1ubuntu1~20.04.2' --with-bugurl=file:///usr/share/doc/gcc-9/README.Bugs --enable-languages=c,ada,c++,go,brig,d,fortran,objc,obj-c++,gm2 --prefix=/usr --with-gcc-major-version-only --program-suffix=-9 --program-prefix=x86_64-linux-gnu- --enable-shared --enable-linker-build-id --libexecdir=/usr/lib --without-included-gettext --enable-threads=posix --libdir=/usr/lib --enable-nls --enable-clocale=gnu --enable-libstdcxx-debug --enable-libstdcxx-time=yes --with-default-libstdcxx-abi=new --enable-gnu-unique-object --disable-vtable-verify --enable-plugin --enable-default-pie --with-system-zlib --with-target-system-zlib=auto --enable-objc-gc=auto --enable-multiarch --disable-werror --with-arch-32=i686 --with-abi=m64 --with-multilib-list=m32,m64,mx32 --enable-multilib --with-tune=generic --enable-offload-targets=nvptx-none=/build/gcc-9-9QDOt0/gcc-9-9.4.0/debian/tmp-nvptx/usr,hsa --without-cuda-driver --enable-checking=release --build=x86_64-linux-gnu --host=x86_64-linux-gnu --target=x86_64-linux-gnu
Thread model: posix
gcc version 9.4.0 (Ubuntu 9.4.0-1ubuntu1~20.04.2) 
configure:4652: $? = 0
configure:4641: g++ -V >&5
g++: error: unrecognized command line option '-V'
g++: fatal error: no input files
compilation terminated.
configure:4652: $? = 1
configure:4641: g++ -qversion >&5
g++: error: unrecognized command line option '-qversion'; did you mean '--version'?
g++: fatal error: no input files
compilation terminated.
configure:4652: $? = 1
configure:4656: checking whether we are using the GNU C++ compiler
configure:4675: g++ -c  -I/home/ad.rapidops.com/yash.dubey/local/zlib/include conftest.cpp >&5
configure:4675: $? = 0
configure:4684: result: yes
configure:4693: checking whether g++ accepts -g
configure:4713: g++ -c -g -I/home/ad.rapidops.com/yash.dubey/local/zlib/include conftest.cpp >&5
configure:4713: $? = 0
configure:4754: result: yes
configure:4779: checking dependency style of g++
configure:4890: result: gcc3
configure:4920: checking dependency style of gcc
configure:5029: result: gcc3
configure:5091: checking how to print strings
configure:5118: result: printf
configure:5139: checking for a sed that does not truncate output
configure:5203: result: /usr/bin/sed
configure:5221: checking for grep that handles long lines and -e
configure:5279: result: /usr/bin/grep
configure:5284: checking for egrep
configure:5346: result: /usr/bin/grep -E
configure:5351: checking for fgrep
configure:5413: result: /usr/bin/grep -F
configure:5448: checking for ld used by gcc
configure:5515: result: /usr/bin/ld
configure:5522: checking if the linker (/usr/bin/ld) is GNU ld
configure:5537: result: yes
configure:5549: checking for BSD- or MS-compatible name lister (nm)
configure:5603: result: /usr/bin/nm -B
configure:5733: checking the name lister (/usr/bin/nm -B) interface
configure:5740: gcc -c  -I/home/ad.rapidops.com/yash.dubey/local/zlib/include conftest.c >&5
configure:5743: /usr/bin/nm -B "conftest.o"
configure:5746: output
0000000000000000 B some_variable
configure:5747: result: BSD nm
configure:5750: checking whether ln -s works
configure:5754: result: yes
configure:5762: checking the maximum length of command line arguments
configure:5893: result: 1572864
configure:5941: checking how to convert x86_64-pc-linux-gnu file names to x86_64-pc-linux-gnu format
configure:5981: result: func_convert_file_noop
configure:5988: checking how to convert x86_64-pc-linux-gnu file names to toolchain format
configure:6008: result: func_convert_file_noop
configure:6015: checking for /usr/bin/ld option to reload object files
configure:6022: result: -r
configure:6096: checking for objdump
configure:6112: found /usr/bin/objdump
configure:6123: result: objdump
configure:6155: checking how to recognize dependent libraries
configure:6355: result: pass_all
configure:6440: checking for dlltool
configure:6470: result: no
configure:6500: checking how to associate runtime and link libraries
configure:6527: result: printf %s\n
configure:6588: checking for ar
configure:6604: found /usr/bin/ar
configure:6615: result: ar
configure:6652: checking for archiver @FILE support
configure:6669: gcc -c  -I/home/ad.rapidops.com/yash.dubey/local/zlib/include conftest.c >&5
configure:6669: $? = 0
configure:6672: ar cru libconftest.a @conftest.lst >&5
ar: `u' modifier ignored since `D' is the default (see `U')
configure:6675: $? = 0
configure:6680: ar cru libconftest.a @conftest.lst >&5
ar: `u' modifier ignored since `D' is the default (see `U')
ar: conftest.o: No such file or directory
configure:6683: $? = 1
configure:6682: result: @
configure:6740: checking for strip
configure:6756: found /usr/bin/strip
configure:6767: result: strip
configure:6839: checking for ranlib
configure:6855: found /usr/bin/ranlib
configure:6866: result: ranlib
configure:6968: checking command to parse /usr/bin/nm -B output from gcc object
configure:7121: gcc -c  -I/home/ad.rapidops.com/yash.dubey/local/zlib/include conftest.c >&5
configure:7124: $? = 0
configure:7128: /usr/bin/nm -B conftest.o \| sed -n -e 's/^.*[ ]\([ABCDGIRSTW][ABCDGIRSTW]*\)[ ][ ]*\([_A-Za-z][_A-Za-z0-9]*\)$/\1 \2 \2/p' | sed '/ __gnu_lto/d' \> conftest.nm
configure:7131: $? = 0
configure:7197: gcc -o conftest  -I/home/ad.rapidops.com/yash.dubey/local/zlib/include -L/home/ad.rapidops.com/yash.dubey/local/zlib/lib conftest.c conftstm.o >&5
configure:7200: $? = 0
configure:7238: result: ok
configure:7285: checking for sysroot
configure:7315: result: no
configure:7322: checking for a working dd
configure:7360: result: /usr/bin/dd
configure:7364: checking how to truncate binary pipes
configure:7379: result: /usr/bin/dd bs=4096 count=1
configure:7515: gcc -c  -I/home/ad.rapidops.com/yash.dubey/local/zlib/include conftest.c >&5
configure:7518: $? = 0
configure:7708: checking for mt
configure:7724: found /usr/bin/mt
configure:7735: result: mt
configure:7758: checking if mt is a manifest tool
configure:7764: mt '-?'
configure:7772: result: no
configure:8449: checking how to run the C preprocessor
configure:8480: gcc -E -I/home/ad.rapidops.com/yash.dubey/local/zlib/include conftest.c
configure:8480: $? = 0
configure:8494: gcc -E -I/home/ad.rapidops.com/yash.dubey/local/zlib/include conftest.c
conftest.c:11:10: fatal error: ac_nonexistent.h: No such file or directory
   11 | #include <ac_nonexistent.h>
      |          ^~~~~~~~~~~~~~~~~~
compilation terminated.
configure:8494: $? = 1
configure: failed program was:
| /* confdefs.h */
| #define PACKAGE_NAME "libffi"
| #define PACKAGE_TARNAME "libffi"
| #define PACKAGE_VERSION "3.4.2"
| #define PACKAGE_STRING "libffi 3.4.2"
| #define PACKAGE_BUGREPORT "http://github.com/libffi/libffi/issues"
| #define PACKAGE_URL ""
| #define PACKAGE "libffi"
| #define VERSION "3.4.2"
| /* end confdefs.h.  */
| #include <ac_nonexistent.h>
configure:8519: result: gcc -E
configure:8539: gcc -E -I/home/ad.rapidops.com/yash.dubey/local/zlib/include conftest.c
configure:8539: $? = 0
configure:8553: gcc -E -I/home/ad.rapidops.com/yash.dubey/local/zlib/include conftest.c
conftest.c:11:10: fatal error: ac_nonexistent.h: No such file or directory
   11 | #include <ac_nonexistent.h>
      |          ^~~~~~~~~~~~~~~~~~
compilation terminated.
configure:8553: $? = 1
configure: failed program was:
| /* confdefs.h */
| #define PACKAGE_NAME "libffi"
| #define PACKAGE_TARNAME "libffi"
| #define PACKAGE_VERSION "3.4.2"
| #define PACKAGE_STRING "libffi 3.4.2"
| #define PACKAGE_BUGREPORT "http://github.com/libffi/libffi/issues"
| #define PACKAGE_URL ""
| #define PACKAGE "libffi"
| #define VERSION "3.4.2"
| /* end confdefs.h.  */
| #include <ac_nonexistent.h>
configure:8582: checking for ANSI C header files
configure:8602: gcc -c  -I/home/ad.rapidops.com/yash.dubey/local/zlib/include conftest.c >&5
configure:8602: $? = 0
configure:8675: gcc -o conftest  -I/home/ad.rapidops.com/yash.dubey/local/zlib/include -L/home/ad.rapidops.com/yash.dubey/local/zlib/lib conftest.c  >&5
configure:8675: $? = 0
configure:8675: ./conftest
configure:8675: $? = 0
configure:8686: result: yes
configure:8699: checking for sys/types.h
configure:8699: gcc -c  -I/home/ad.rapidops.com/yash.dubey/local/zlib/include conftest.c >&5
configure:8699: $? = 0
configure:8699: result: yes
configure:8699: checking for sys/stat.h
configure:8699: gcc -c  -I/home/ad.rapidops.com/yash.dubey/local/zlib/include conftest.c >&5
configure:8699: $? = 0
configure:8699: result: yes
configure:8699: checking for stdlib.h
configure:8699: gcc -c  -I/home/ad.rapidops.com/yash.dubey/local/zlib/include conftest.c >&5
configure:8699: $? = 0
configure:8699: result: yes
configure:8699: checking for string.h
configure:8699: gcc -c  -I/home/ad.rapidops.com/yash.dubey/local/zlib/include conftest.c >&5
configure:8699: $? = 0
configure:8699: result: yes
configure:8699: checking for memory.h
configure:8699: gcc -c  -I/home/ad.rapidops.com/yash.dubey/local/zlib/include conftest.c >&5
configure:8699: $? = 0
configure:8699: result: yes
configure:8699: checking for strings.h
configure:8699: gcc -c  -I/home/ad.rapidops.com/yash.dubey/local/zlib/include conftest.c >&5
configure:8699: $? = 0
configure:8699: result: yes
configure:8699: checking for inttypes.h
configure:8699: gcc -c  -I/home/ad.rapidops.com/yash.dubey/local/zlib/include conftest.c >&5
configure:8699: $? = 0
configure:8699: result: yes
configure:8699: checking for stdint.h
configure:8699: gcc -c  -I/home/ad.rapidops.com/yash.dubey/local/zlib/include conftest.c >&5
configure:8699: $? = 0
configure:8699: result: yes
configure:8699: checking for unistd.h
configure:8699: gcc -c  -I/home/ad.rapidops.com/yash.dubey/local/zlib/include conftest.c >&5
configure:8699: $? = 0
configure:8699: result: yes
configure:8713: checking for dlfcn.h
configure:8713: gcc -c  -I/home/ad.rapidops.com/yash.dubey/local/zlib/include conftest.c >&5
configure:8713: $? = 0
configure:8713: result: yes
configure:8980: checking for objdir
configure:8995: result: .libs
configure:9259: checking if gcc supports -fno-rtti -fno-exceptions
configure:9277: gcc -c  -I/home/ad.rapidops.com/yash.dubey/local/zlib/include -fno-rtti -fno-exceptions conftest.c >&5
cc1: warning: command line option '-fno-rtti' is valid for C++/D/ObjC++ but not for C
configure:9281: $? = 0
configure:9294: result: no
configure:9652: checking for gcc option to produce PIC
configure:9659: result: -fPIC -DPIC
configure:9667: checking if gcc PIC flag -fPIC -DPIC works
configure:9685: gcc -c  -I/home/ad.rapidops.com/yash.dubey/local/zlib/include -fPIC -DPIC -DPIC conftest.c >&5
configure:9689: $? = 0
configure:9702: result: yes
configure:9731: checking if gcc static flag -static works
configure:9759: result: yes
configure:9774: checking if gcc supports -c -o file.o
configure:9795: gcc -c  -I/home/ad.rapidops.com/yash.dubey/local/zlib/include -o out/conftest2.o conftest.c >&5
configure:9799: $? = 0
configure:9821: result: yes
configure:9829: checking if gcc supports -c -o file.o
configure:9876: result: yes
configure:9909: checking whether the gcc linker (/usr/bin/ld -m elf_x86_64) supports shared libraries
configure:11168: result: yes
configure:11205: checking whether -lc should be explicitly linked in
configure:11213: gcc -c  -I/home/ad.rapidops.com/yash.dubey/local/zlib/include conftest.c >&5
configure:11216: $? = 0
configure:11231: gcc -shared  -fPIC -DPIC conftest.o  -v -Wl,-soname -Wl,conftest -o conftest 2\>\&1 \| /usr/bin/grep  -lc  \>/dev/null 2\>\&1
configure:11234: $? = 0
configure:11248: result: no
configure:11408: checking dynamic linker characteristics
configure:11989: gcc -o conftest  -I/home/ad.rapidops.com/yash.dubey/local/zlib/include -L/home/ad.rapidops.com/yash.dubey/local/zlib/lib -Wl,-rpath -Wl,/foo conftest.c  >&5
configure:11989: $? = 0
configure:12229: result: GNU/Linux ld.so
configure:12351: checking how to hardcode library paths into programs
configure:12376: result: immediate
configure:12924: checking whether stripping libraries is possible
configure:12929: result: yes
configure:12964: checking if libtool supports shared libraries
configure:12966: result: yes
configure:12969: checking whether to build shared libraries
configure:12994: result: yes
configure:12997: checking whether to build static libraries
configure:13001: result: yes
configure:9813: checking how to run the C++ preprocessor
configure:9840: g++ -E -I/home/ad.rapidops.com/yash.dubey/local/zlib/include conftest.cpp
configure:9840: $? = 0
configure:9854: g++ -E -I/home/ad.rapidops.com/yash.dubey/local/zlib/include conftest.cpp
conftest.cpp:23:10: fatal error: ac_nonexistent.h: No such file or directory
   23 | #include <ac_nonexistent.h>
      |          ^~~~~~~~~~~~~~~~~~
compilation terminated.
configure:9854: $? = 1
configure: failed program was:
| /* confdefs.h */
| #define PACKAGE_NAME "libffi"
| #define PACKAGE_TARNAME "libffi"
| #define PACKAGE_VERSION "3.4.2"
| #define PACKAGE_STRING "libffi 3.4.2"
| #define PACKAGE_BUGREPORT "http://github.com/libffi/libffi/issues"
| #define PACKAGE_URL ""
| #define PACKAGE "libffi"
| #define VERSION "3.4.2"
| #define STDC_HEADERS 1
| #define HAVE_SYS_TYPES_H 1
| #define HAVE_SYS_STAT_H 1
| #define HAVE_STDLIB_H 1
| #define HAVE_STRING_H 1
| #define HAVE_MEMORY_H 1
| #define HAVE_STRINGS_H 1
| #define HAVE_INTTYPES_H 1
| #define HAVE_STDINT_H 1
| #define HAVE_UNISTD_H 1
| #define HAVE_DLFCN_H 1
| #define LT_OBJDIR ".libs/"
| /* end confdefs.h.  */
| #include <ac_nonexistent.h>
configure:9879: result: g++ -E
configure:9899: g++ -E -I/home/ad.rapidops.com/yash.dubey/local/zlib/include conftest.cpp
configure:9899: $? = 0
configure:9913: g++ -E -I/home/ad.rapidops.com/yash.dubey/local/zlib/include conftest.cpp
conftest.cpp:23:10: fatal error: ac_nonexistent.h: No such file or directory
   23 | #include <ac_nonexistent.h>
      |          ^~~~~~~~~~~~~~~~~~
compilation terminated.
configure:9913: $? = 1
configure: failed program was:
| /* confdefs.h */
| #define PACKAGE_NAME "libffi"
| #define PACKAGE_TARNAME "libffi"
| #define PACKAGE_VERSION "3.4.2"
| #define PACKAGE_STRING "libffi 3.4.2"
| #define PACKAGE_BUGREPORT "http://github.com/libffi/libffi/issues"
| #define PACKAGE_URL ""
| #define PACKAGE "libffi"
| #define VERSION "3.4.2"
| #define STDC_HEADERS 1
| #define HAVE_SYS_TYPES_H 1
| #define HAVE_SYS_STAT_H 1
| #define HAVE_STDLIB_H 1
| #define HAVE_STRING_H 1
| #define HAVE_MEMORY_H 1
| #define HAVE_STRINGS_H 1
| #define HAVE_INTTYPES_H 1
| #define HAVE_STDINT_H 1
| #define HAVE_UNISTD_H 1
| #define HAVE_DLFCN_H 1
| #define LT_OBJDIR ".libs/"
| /* end confdefs.h.  */
| #include <ac_nonexistent.h>
configure:10075: checking for ld used by g++
configure:10142: result: /usr/bin/ld -m elf_x86_64
configure:10149: checking if the linker (/usr/bin/ld -m elf_x86_64) is GNU ld
configure:10164: result: yes
configure:10219: checking whether the g++ linker (/usr/bin/ld -m elf_x86_64) supports shared libraries
configure:11292: result: yes
configure:11328: g++ -c -g -O2 -I/home/ad.rapidops.com/yash.dubey/local/zlib/include conftest.cpp >&5
configure:11331: $? = 0
configure:11812: checking for g++ option to produce PIC
configure:11819: result: -fPIC -DPIC
configure:11827: checking if g++ PIC flag -fPIC -DPIC works
configure:11845: g++ -c -g -O2 -I/home/ad.rapidops.com/yash.dubey/local/zlib/include -fPIC -DPIC -DPIC conftest.cpp >&5
configure:11849: $? = 0
configure:11862: result: yes
configure:11885: checking if g++ static flag -static works
configure:11913: result: yes
configure:11925: checking if g++ supports -c -o file.o
configure:11946: g++ -c -g -O2 -I/home/ad.rapidops.com/yash.dubey/local/zlib/include -o out/conftest2.o conftest.cpp >&5
configure:11950: $? = 0
configure:11972: result: yes
configure:11977: checking if g++ supports -c -o file.o
configure:12024: result: yes
configure:12054: checking whether the g++ linker (/usr/bin/ld -m elf_x86_64) supports shared libraries
configure:12094: result: yes
configure:12235: checking dynamic linker characteristics
configure:12983: result: GNU/Linux ld.so
configure:13048: checking how to hardcode library paths into programs
configure:13073: result: immediate
configure:12022: checking for readelf
configure:12038: found /usr/bin/readelf
configure:12049: result: readelf
configure:12077: checking size of size_t
configure:12082: gcc -o conftest  -I/home/ad.rapidops.com/yash.dubey/local/zlib/include -L/home/ad.rapidops.com/yash.dubey/local/zlib/lib conftest.c  >&5
configure:12082: $? = 0
configure:12082: ./conftest
configure:12082: $? = 0
configure:12096: result: 8
configure:12107: checking for C compiler vendor
configure:12155: gcc -c  -I/home/ad.rapidops.com/yash.dubey/local/zlib/include conftest.c >&5
conftest.c: In function 'main':
conftest.c:30:9: error: 'thisisanerror' undeclared (first use in this function)
   30 |         thisisanerror;
      |         ^~~~~~~~~~~~~
conftest.c:30:9: note: each undeclared identifier is reported only once for each function it appears in
configure:12155: $? = 1
configure: failed program was:
| /* confdefs.h */
| #define PACKAGE_NAME "libffi"
| #define PACKAGE_TARNAME "libffi"
| #define PACKAGE_VERSION "3.4.2"
| #define PACKAGE_STRING "libffi 3.4.2"
| #define PACKAGE_BUGREPORT "http://github.com/libffi/libffi/issues"
| #define PACKAGE_URL ""
| #define PACKAGE "libffi"
| #define VERSION "3.4.2"
| #define STDC_HEADERS 1
| #define HAVE_SYS_TYPES_H 1
| #define HAVE_SYS_STAT_H 1
| #define HAVE_STDLIB_H 1
| #define HAVE_STRING_H 1
| #define HAVE_MEMORY_H 1
| #define HAVE_STRINGS_H 1
| #define HAVE_INTTYPES_H 1
| #define HAVE_STDINT_H 1
| #define HAVE_UNISTD_H 1
| #define HAVE_DLFCN_H 1
| #define LT_OBJDIR ".libs/"
| #define SIZEOF_SIZE_T 8
| /* end confdefs.h.  */
| 
| int
| main ()
| {
| 
|       #if !(defined(__ICC) || defined(__ECC) || defined(__INTEL_COMPILER))
|         thisisanerror;
|       #endif
| 
|   ;
|   return 0;
| }
configure:12155: gcc -c  -I/home/ad.rapidops.com/yash.dubey/local/zlib/include conftest.c >&5
conftest.c: In function 'main':
conftest.c:30:9: error: 'thisisanerror' undeclared (first use in this function)
   30 |         thisisanerror;
      |         ^~~~~~~~~~~~~
conftest.c:30:9: note: each undeclared identifier is reported only once for each function it appears in
configure:12155: $? = 1
configure: failed program was:
| /* confdefs.h */
| #define PACKAGE_NAME "libffi"
| #define PACKAGE_TARNAME "libffi"
| #define PACKAGE_VERSION "3.4.2"
| #define PACKAGE_STRING "libffi 3.4.2"
| #define PACKAGE_BUGREPORT "http://github.com/libffi/libffi/issues"
| #define PACKAGE_URL ""
| #define PACKAGE "libffi"
| #define VERSION "3.4.2"
| #define STDC_HEADERS 1
| #define HAVE_SYS_TYPES_H 1
| #define HAVE_SYS_STAT_H 1
| #define HAVE_STDLIB_H 1
| #define HAVE_STRING_H 1
| #define HAVE_MEMORY_H 1
| #define HAVE_STRINGS_H 1
| #define HAVE_INTTYPES_H 1
| #define HAVE_STDINT_H 1
| #define HAVE_UNISTD_H 1
| #define HAVE_DLFCN_H 1
| #define LT_OBJDIR ".libs/"
| #define SIZEOF_SIZE_T 8
| /* end confdefs.h.  */
| 
| int
| main ()
| {
| 
|       #if !(defined(__xlc__) || defined(__xlC__) || defined(__IBMC__) || defined(__IBMCPP__))
|         thisisanerror;
|       #endif
| 
|   ;
|   return 0;
| }
configure:12155: gcc -c  -I/home/ad.rapidops.com/yash.dubey/local/zlib/include conftest.c >&5
conftest.c: In function 'main':
conftest.c:30:9: error: 'thisisanerror' undeclared (first use in this function)
   30 |         thisisanerror;
      |         ^~~~~~~~~~~~~
conftest.c:30:9: note: each undeclared identifier is reported only once for each function it appears in
configure:12155: $? = 1
configure: failed program was:
| /* confdefs.h */
| #define PACKAGE_NAME "libffi"
| #define PACKAGE_TARNAME "libffi"
| #define PACKAGE_VERSION "3.4.2"
| #define PACKAGE_STRING "libffi 3.4.2"
| #define PACKAGE_BUGREPORT "http://github.com/libffi/libffi/issues"
| #define PACKAGE_URL ""
| #define PACKAGE "libffi"
| #define VERSION "3.4.2"
| #define STDC_HEADERS 1
| #define HAVE_SYS_TYPES_H 1
| #define HAVE_SYS_STAT_H 1
| #define HAVE_STDLIB_H 1
| #define HAVE_STRING_H 1
| #define HAVE_MEMORY_H 1
| #define HAVE_STRINGS_H 1
| #define HAVE_INTTYPES_H 1
| #define HAVE_STDINT_H 1
| #define HAVE_UNISTD_H 1
| #define HAVE_DLFCN_H 1
| #define LT_OBJDIR ".libs/"
| #define SIZEOF_SIZE_T 8
| /* end confdefs.h.  */
| 
| int
| main ()
| {
| 
|       #if !(defined(__PATHCC__) || defined(__PATHSCALE__))
|         thisisanerror;
|       #endif
| 
|   ;
|   return 0;
| }
configure:12155: gcc -c  -I/home/ad.rapidops.com/yash.dubey/local/zlib/include conftest.c >&5
conftest.c: In function 'main':
conftest.c:30:9: error: 'thisisanerror' undeclared (first use in this function)
   30 |         thisisanerror;
      |         ^~~~~~~~~~~~~
conftest.c:30:9: note: each undeclared identifier is reported only once for each function it appears in
configure:12155: $? = 1
configure: failed program was:
| /* confdefs.h */
| #define PACKAGE_NAME "libffi"
| #define PACKAGE_TARNAME "libffi"
| #define PACKAGE_VERSION "3.4.2"
| #define PACKAGE_STRING "libffi 3.4.2"
| #define PACKAGE_BUGREPORT "http://github.com/libffi/libffi/issues"
| #define PACKAGE_URL ""
| #define PACKAGE "libffi"
| #define VERSION "3.4.2"
| #define STDC_HEADERS 1
| #define HAVE_SYS_TYPES_H 1
| #define HAVE_SYS_STAT_H 1
| #define HAVE_STDLIB_H 1
| #define HAVE_STRING_H 1
| #define HAVE_MEMORY_H 1
| #define HAVE_STRINGS_H 1
| #define HAVE_INTTYPES_H 1
| #define HAVE_STDINT_H 1
| #define HAVE_UNISTD_H 1
| #define HAVE_DLFCN_H 1
| #define LT_OBJDIR ".libs/"
| #define SIZEOF_SIZE_T 8
| /* end confdefs.h.  */
| 
| int
| main ()
| {
| 
|       #if !(defined(__clang__))
|         thisisanerror;
|       #endif
| 
|   ;
|   return 0;
| }
configure:12155: gcc -c  -I/home/ad.rapidops.com/yash.dubey/local/zlib/include conftest.c >&5
conftest.c: In function 'main':
conftest.c:30:9: error: 'thisisanerror' undeclared (first use in this function)
   30 |         thisisanerror;
      |         ^~~~~~~~~~~~~
conftest.c:30:9: note: each undeclared identifier is reported only once for each function it appears in
configure:12155: $? = 1
configure: failed program was:
| /* confdefs.h */
| #define PACKAGE_NAME "libffi"
| #define PACKAGE_TARNAME "libffi"
| #define PACKAGE_VERSION "3.4.2"
| #define PACKAGE_STRING "libffi 3.4.2"
| #define PACKAGE_BUGREPORT "http://github.com/libffi/libffi/issues"
| #define PACKAGE_URL ""
| #define PACKAGE "libffi"
| #define VERSION "3.4.2"
| #define STDC_HEADERS 1
| #define HAVE_SYS_TYPES_H 1
| #define HAVE_SYS_STAT_H 1
| #define HAVE_STDLIB_H 1
| #define HAVE_STRING_H 1
| #define HAVE_MEMORY_H 1
| #define HAVE_STRINGS_H 1
| #define HAVE_INTTYPES_H 1
| #define HAVE_STDINT_H 1
| #define HAVE_UNISTD_H 1
| #define HAVE_DLFCN_H 1
| #define LT_OBJDIR ".libs/"
| #define SIZEOF_SIZE_T 8
| /* end confdefs.h.  */
| 
| int
| main ()
| {
| 
|       #if !(defined(_CRAYC))
|         thisisanerror;
|       #endif
| 
|   ;
|   return 0;
| }
configure:12155: gcc -c  -I/home/ad.rapidops.com/yash.dubey/local/zlib/include conftest.c >&5
conftest.c: In function 'main':
conftest.c:30:9: error: 'thisisanerror' undeclared (first use in this function)
   30 |         thisisanerror;
      |         ^~~~~~~~~~~~~
conftest.c:30:9: note: each undeclared identifier is reported only once for each function it appears in
configure:12155: $? = 1
configure: failed program was:
| /* confdefs.h */
| #define PACKAGE_NAME "libffi"
| #define PACKAGE_TARNAME "libffi"
| #define PACKAGE_VERSION "3.4.2"
| #define PACKAGE_STRING "libffi 3.4.2"
| #define PACKAGE_BUGREPORT "http://github.com/libffi/libffi/issues"
| #define PACKAGE_URL ""
| #define PACKAGE "libffi"
| #define VERSION "3.4.2"
| #define STDC_HEADERS 1
| #define HAVE_SYS_TYPES_H 1
| #define HAVE_SYS_STAT_H 1
| #define HAVE_STDLIB_H 1
| #define HAVE_STRING_H 1
| #define HAVE_MEMORY_H 1
| #define HAVE_STRINGS_H 1
| #define HAVE_INTTYPES_H 1
| #define HAVE_STDINT_H 1
| #define HAVE_UNISTD_H 1
| #define HAVE_DLFCN_H 1
| #define LT_OBJDIR ".libs/"
| #define SIZEOF_SIZE_T 8
| /* end confdefs.h.  */
| 
| int
| main ()
| {
| 
|       #if !(defined(__FUJITSU))
|         thisisanerror;
|       #endif
| 
|   ;
|   return 0;
| }
configure:12155: gcc -c  -I/home/ad.rapidops.com/yash.dubey/local/zlib/include conftest.c >&5
conftest.c: In function 'main':
conftest.c:29:38: error: operator "defined" requires an identifier
   29 |       #if !(defined(SDCC) || defined())
      |                                      ^
conftest.c:30:9: error: 'thisisanerror' undeclared (first use in this function)
   30 |         thisisanerror;
      |         ^~~~~~~~~~~~~
conftest.c:30:9: note: each undeclared identifier is reported only once for each function it appears in
configure:12155: $? = 1
configure: failed program was:
| /* confdefs.h */
| #define PACKAGE_NAME "libffi"
| #define PACKAGE_TARNAME "libffi"
| #define PACKAGE_VERSION "3.4.2"
| #define PACKAGE_STRING "libffi 3.4.2"
| #define PACKAGE_BUGREPORT "http://github.com/libffi/libffi/issues"
| #define PACKAGE_URL ""
| #define PACKAGE "libffi"
| #define VERSION "3.4.2"
| #define STDC_HEADERS 1
| #define HAVE_SYS_TYPES_H 1
| #define HAVE_SYS_STAT_H 1
| #define HAVE_STDLIB_H 1
| #define HAVE_STRING_H 1
| #define HAVE_MEMORY_H 1
| #define HAVE_STRINGS_H 1
| #define HAVE_INTTYPES_H 1
| #define HAVE_STDINT_H 1
| #define HAVE_UNISTD_H 1
| #define HAVE_DLFCN_H 1
| #define LT_OBJDIR ".libs/"
| #define SIZEOF_SIZE_T 8
| /* end confdefs.h.  */
| 
| int
| main ()
| {
| 
|       #if !(defined(SDCC) || defined())
|         thisisanerror;
|       #endif
| 
|   ;
|   return 0;
| }
configure:12155: gcc -c  -I/home/ad.rapidops.com/yash.dubey/local/zlib/include conftest.c >&5
conftest.c: In function 'main':
conftest.c:30:9: error: 'thisisanerror' undeclared (first use in this function)
   30 |         thisisanerror;
      |         ^~~~~~~~~~~~~
conftest.c:30:9: note: each undeclared identifier is reported only once for each function it appears in
configure:12155: $? = 1
configure: failed program was:
| /* confdefs.h */
| #define PACKAGE_NAME "libffi"
| #define PACKAGE_TARNAME "libffi"
| #define PACKAGE_VERSION "3.4.2"
| #define PACKAGE_STRING "libffi 3.4.2"
| #define PACKAGE_BUGREPORT "http://github.com/libffi/libffi/issues"
| #define PACKAGE_URL ""
| #define PACKAGE "libffi"
| #define VERSION "3.4.2"
| #define STDC_HEADERS 1
| #define HAVE_SYS_TYPES_H 1
| #define HAVE_SYS_STAT_H 1
| #define HAVE_STDLIB_H 1
| #define HAVE_STRING_H 1
| #define HAVE_MEMORY_H 1
| #define HAVE_STRINGS_H 1
| #define HAVE_INTTYPES_H 1
| #define HAVE_STDINT_H 1
| #define HAVE_UNISTD_H 1
| #define HAVE_DLFCN_H 1
| #define LT_OBJDIR ".libs/"
| #define SIZEOF_SIZE_T 8
| /* end confdefs.h.  */
| 
| int
| main ()
| {
| 
|       #if !(defined(__SDCC))
|         thisisanerror;
|       #endif
| 
|   ;
|   return 0;
| }
configure:12155: gcc -c  -I/home/ad.rapidops.com/yash.dubey/local/zlib/include conftest.c >&5
configure:12155: $? = 0
configure:12163: result: gnu
configure:12453: checking whether C compiler accepts -fstrict-aliasing
configure:12472: gcc -c  -O3 -fomit-frame-pointer  -fstrict-aliasing -I/home/ad.rapidops.com/yash.dubey/local/zlib/include conftest.c >&5
configure:12472: $? = 0
configure:12480: result: yes
configure:12490: checking whether C compiler accepts -ffast-math
configure:12509: gcc -c  -O3 -fomit-frame-pointer -fstrict-aliasing  -ffast-math -I/home/ad.rapidops.com/yash.dubey/local/zlib/include conftest.c >&5
configure:12509: $? = 0
configure:12517: result: yes
configure:12540: checking for gcc architecture flag
configure:12542: result: 
configure:12564: checking for x86 cpuid 0 output
configure:12596: gcc -o conftest  -O3 -fomit-frame-pointer -fstrict-aliasing -ffast-math -I/home/ad.rapidops.com/yash.dubey/local/zlib/include -L/home/ad.rapidops.com/yash.dubey/local/zlib/lib conftest.c  >&5
configure:12596: $? = 0
configure:12596: ./conftest
configure:12596: $? = 0
configure:12606: result: 1b:756e6547:6c65746e:49656e69
configure:12623: checking for x86 cpuid 1 output
configure:12655: gcc -o conftest  -O3 -fomit-frame-pointer -fstrict-aliasing -ffast-math -I/home/ad.rapidops.com/yash.dubey/local/zlib/include -L/home/ad.rapidops.com/yash.dubey/local/zlib/lib conftest.c  >&5
configure:12655: $? = 0
configure:12655: ./conftest
configure:12655: $? = 0
configure:12665: result: 806d1:f100800:7ffafbbf:bfebfbff
configure:12871: checking whether C compiler accepts -march=core2
configure:12890: gcc -c  -O3 -fomit-frame-pointer -fstrict-aliasing -ffast-math  -march=core2 -I/home/ad.rapidops.com/yash.dubey/local/zlib/include conftest.c >&5
configure:12890: $? = 0
configure:12899: result: yes
configure:12920: checking for gcc architecture flag
configure:12922: result: -march=core2
configure:12950: checking whether C compiler accepts  -O3 -fomit-frame-pointer -fstrict-aliasing -ffast-math -march=core2
configure:12969: gcc -c  -O3 -fomit-frame-pointer -fstrict-aliasing -ffast-math -march=core2   -O3 -fomit-frame-pointer -fstrict-aliasing -ffast-math -march=core2 -I/home/ad.rapidops.com/yash.dubey/local/zlib/include conftest.c >&5
configure:12969: $? = 0
configure:12978: result: yes
configure:13006: checking CFLAGS for maximum warnings
configure:13026: gcc -c  -O3 -fomit-frame-pointer -fstrict-aliasing -ffast-math -march=core2 -warn all  -warn all -I/home/ad.rapidops.com/yash.dubey/local/zlib/include conftest.c >&5
gcc: error: all: No such file or directory
gcc: error: all: No such file or directory
gcc: error: unrecognized command line option '-warn'; did you mean '--warn-'?
gcc: error: unrecognized command line option '-warn'; did you mean '--warn-'?
configure:13026: $? = 1
configure: failed program was:
| /* confdefs.h */
| #define PACKAGE_NAME "libffi"
| #define PACKAGE_TARNAME "libffi"
| #define PACKAGE_VERSION "3.4.2"
| #define PACKAGE_STRING "libffi 3.4.2"
| #define PACKAGE_BUGREPORT "http://github.com/libffi/libffi/issues"
| #define PACKAGE_URL ""
| #define PACKAGE "libffi"
| #define VERSION "3.4.2"
| #define STDC_HEADERS 1
| #define HAVE_SYS_TYPES_H 1
| #define HAVE_SYS_STAT_H 1
| #define HAVE_STDLIB_H 1
| #define HAVE_STRING_H 1
| #define HAVE_MEMORY_H 1
| #define HAVE_STRINGS_H 1
| #define HAVE_INTTYPES_H 1
| #define HAVE_STDINT_H 1
| #define HAVE_UNISTD_H 1
| #define HAVE_DLFCN_H 1
| #define LT_OBJDIR ".libs/"
| #define SIZEOF_SIZE_T 8
| /* end confdefs.h.  */
| 
| int
| main ()
| {
| 
|   ;
|   return 0;
| }
configure:13026: gcc -c  -O3 -fomit-frame-pointer -fstrict-aliasing -ffast-math -march=core2 -pedantic  -Wall -I/home/ad.rapidops.com/yash.dubey/local/zlib/include conftest.c >&5
configure:13026: $? = 0
configure:13034: result: -Wall
configure:13054: : CFLAGS="$CFLAGS"
configure:13057: $? = 0
configure:13095: checking whether to enable maintainer-specific portions of Makefiles
configure:13104: result: no
configure:13120: checking sys/memfd.h usability
configure:13120: gcc -c  -O3 -fomit-frame-pointer -fstrict-aliasing -ffast-math -march=core2 -Wall -fexceptions -I/home/ad.rapidops.com/yash.dubey/local/zlib/include conftest.c >&5
conftest.c:57:10: fatal error: sys/memfd.h: No such file or directory
   57 | #include <sys/memfd.h>
      |          ^~~~~~~~~~~~~
compilation terminated.
configure:13120: $? = 1
configure: failed program was:
| /* confdefs.h */
| #define PACKAGE_NAME "libffi"
| #define PACKAGE_TARNAME "libffi"
| #define PACKAGE_VERSION "3.4.2"
| #define PACKAGE_STRING "libffi 3.4.2"
| #define PACKAGE_BUGREPORT "http://github.com/libffi/libffi/issues"
| #define PACKAGE_URL ""
| #define PACKAGE "libffi"
| #define VERSION "3.4.2"
| #define STDC_HEADERS 1
| #define HAVE_SYS_TYPES_H 1
| #define HAVE_SYS_STAT_H 1
| #define HAVE_STDLIB_H 1
| #define HAVE_STRING_H 1
| #define HAVE_MEMORY_H 1
| #define HAVE_STRINGS_H 1
| #define HAVE_INTTYPES_H 1
| #define HAVE_STDINT_H 1
| #define HAVE_UNISTD_H 1
| #define HAVE_DLFCN_H 1
| #define LT_OBJDIR ".libs/"
| #define SIZEOF_SIZE_T 8
| /* end confdefs.h.  */
| #include <stdio.h>
| #ifdef HAVE_SYS_TYPES_H
| # include <sys/types.h>
| #endif
| #ifdef HAVE_SYS_STAT_H
| # include <sys/stat.h>
| #endif
| #ifdef STDC_HEADERS
| # include <stdlib.h>
| # include <stddef.h>
| #else
| # ifdef HAVE_STDLIB_H
| #  include <stdlib.h>
| # endif
| #endif
| #ifdef HAVE_STRING_H
| # if !defined STDC_HEADERS && defined HAVE_MEMORY_H
| #  include <memory.h>
| # endif
| # include <string.h>
| #endif
| #ifdef HAVE_STRINGS_H
| # include <strings.h>
| #endif
| #ifdef HAVE_INTTYPES_H
| # include <inttypes.h>
| #endif
| #ifdef HAVE_STDINT_H
| # include <stdint.h>
| #endif
| #ifdef HAVE_UNISTD_H
| # include <unistd.h>
| #endif
| #include <sys/memfd.h>
configure:13120: result: no
configure:13120: checking sys/memfd.h presence
configure:13120: gcc -E -I/home/ad.rapidops.com/yash.dubey/local/zlib/include conftest.c
conftest.c:24:10: fatal error: sys/memfd.h: No such file or directory
   24 | #include <sys/memfd.h>
      |          ^~~~~~~~~~~~~
compilation terminated.
configure:13120: $? = 1
configure: failed program was:
| /* confdefs.h */
| #define PACKAGE_NAME "libffi"
| #define PACKAGE_TARNAME "libffi"
| #define PACKAGE_VERSION "3.4.2"
| #define PACKAGE_STRING "libffi 3.4.2"
| #define PACKAGE_BUGREPORT "http://github.com/libffi/libffi/issues"
| #define PACKAGE_URL ""
| #define PACKAGE "libffi"
| #define VERSION "3.4.2"
| #define STDC_HEADERS 1
| #define HAVE_SYS_TYPES_H 1
| #define HAVE_SYS_STAT_H 1
| #define HAVE_STDLIB_H 1
| #define HAVE_STRING_H 1
| #define HAVE_MEMORY_H 1
| #define HAVE_STRINGS_H 1
| #define HAVE_INTTYPES_H 1
| #define HAVE_STDINT_H 1
| #define HAVE_UNISTD_H 1
| #define HAVE_DLFCN_H 1
| #define LT_OBJDIR ".libs/"
| #define SIZEOF_SIZE_T 8
| /* end confdefs.h.  */
| #include <sys/memfd.h>
configure:13120: result: no
configure:13120: checking for sys/memfd.h
configure:13120: result: no
configure:13132: checking for memfd_create
configure:13132: gcc -o conftest  -O3 -fomit-frame-pointer -fstrict-aliasing -ffast-math -march=core2 -Wall -fexceptions -I/home/ad.rapidops.com/yash.dubey/local/zlib/include -L/home/ad.rapidops.com/yash.dubey/local/zlib/lib conftest.c  >&5
configure:13132: $? = 0
configure:13132: result: yes
configure:13144: checking sys/mman.h usability
configure:13144: gcc -c  -O3 -fomit-frame-pointer -fstrict-aliasing -ffast-math -march=core2 -Wall -fexceptions -I/home/ad.rapidops.com/yash.dubey/local/zlib/include conftest.c >&5
configure:13144: $? = 0
configure:13144: result: yes
configure:13144: checking sys/mman.h presence
configure:13144: gcc -E -I/home/ad.rapidops.com/yash.dubey/local/zlib/include conftest.c
configure:13144: $? = 0
configure:13144: result: yes
configure:13144: checking for sys/mman.h
configure:13144: result: yes
configure:13157: checking for mmap
configure:13157: gcc -o conftest  -O3 -fomit-frame-pointer -fstrict-aliasing -ffast-math -march=core2 -Wall -fexceptions -I/home/ad.rapidops.com/yash.dubey/local/zlib/include -L/home/ad.rapidops.com/yash.dubey/local/zlib/lib conftest.c  >&5
configure:13157: $? = 0
configure:13157: result: yes
configure:13157: checking for mkostemp
configure:13157: gcc -o conftest  -O3 -fomit-frame-pointer -fstrict-aliasing -ffast-math -march=core2 -Wall -fexceptions -I/home/ad.rapidops.com/yash.dubey/local/zlib/include -L/home/ad.rapidops.com/yash.dubey/local/zlib/lib conftest.c  >&5
configure:13157: $? = 0
configure:13157: result: yes
configure:13157: checking for mkstemp
configure:13157: gcc -o conftest  -O3 -fomit-frame-pointer -fstrict-aliasing -ffast-math -march=core2 -Wall -fexceptions -I/home/ad.rapidops.com/yash.dubey/local/zlib/include -L/home/ad.rapidops.com/yash.dubey/local/zlib/lib conftest.c  >&5
configure:13157: $? = 0
configure:13157: result: yes
configure:13167: checking for sys/mman.h
configure:13167: result: yes
configure:13175: checking for mmap
configure:13175: result: yes
configure:13188: checking whether read-only mmap of a plain file works
configure:13205: result: yes
configure:13207: checking whether mmap from /dev/zero works
configure:13229: result: yes
configure:13233: checking for MAP_ANON(YMOUS)
configure:13256: gcc -c  -O3 -fomit-frame-pointer -fstrict-aliasing -ffast-math -march=core2 -Wall -fexceptions -I/home/ad.rapidops.com/yash.dubey/local/zlib/include conftest.c >&5
conftest.c: In function 'main':
conftest.c:40:5: warning: unused variable 'n' [-Wunused-variable]
   40 | int n = MAP_ANONYMOUS;
      |     ^
configure:13256: $? = 0
configure:13263: result: yes
configure:13269: checking whether mmap with MAP_ANON(YMOUS) works
configure:13286: result: yes
configure:13329: checking for ANSI C header files
configure:13433: result: yes
configure:13443: checking for memcpy
configure:13443: gcc -o conftest  -O3 -fomit-frame-pointer -fstrict-aliasing -ffast-math -march=core2 -Wall -fexceptions -I/home/ad.rapidops.com/yash.dubey/local/zlib/include -L/home/ad.rapidops.com/yash.dubey/local/zlib/lib conftest.c  >&5
conftest.c:56:6: warning: conflicting types for built-in function 'memcpy'; expected 'void *(void *, const void *, long unsigned int)' [-Wbuiltin-declaration-mismatch]
   56 | char memcpy ();
      |      ^~~~~~
conftest.c:44:1: note: 'memcpy' is declared in header '<string.h>'
   43 | # include <limits.h>
   44 | #else
configure:13443: $? = 0
configure:13443: result: yes
configure:13452: checking for size_t
configure:13452: gcc -c  -O3 -fomit-frame-pointer -fstrict-aliasing -ffast-math -march=core2 -Wall -fexceptions -I/home/ad.rapidops.com/yash.dubey/local/zlib/include conftest.c >&5
configure:13452: $? = 0
configure:13452: gcc -c  -O3 -fomit-frame-pointer -fstrict-aliasing -ffast-math -march=core2 -Wall -fexceptions -I/home/ad.rapidops.com/yash.dubey/local/zlib/include conftest.c >&5
conftest.c: In function 'main':
conftest.c:70:21: error: expected expression before ')' token
   70 | if (sizeof ((size_t)))
      |                     ^
configure:13452: $? = 1
configure: failed program was:
| /* confdefs.h */
| #define PACKAGE_NAME "libffi"
| #define PACKAGE_TARNAME "libffi"
| #define PACKAGE_VERSION "3.4.2"
| #define PACKAGE_STRING "libffi 3.4.2"
| #define PACKAGE_BUGREPORT "http://github.com/libffi/libffi/issues"
| #define PACKAGE_URL ""
| #define PACKAGE "libffi"
| #define VERSION "3.4.2"
| #define STDC_HEADERS 1
| #define HAVE_SYS_TYPES_H 1
| #define HAVE_SYS_STAT_H 1
| #define HAVE_STDLIB_H 1
| #define HAVE_STRING_H 1
| #define HAVE_MEMORY_H 1
| #define HAVE_STRINGS_H 1
| #define HAVE_INTTYPES_H 1
| #define HAVE_STDINT_H 1
| #define HAVE_UNISTD_H 1
| #define HAVE_DLFCN_H 1
| #define LT_OBJDIR ".libs/"
| #define SIZEOF_SIZE_T 8
| #define HAVE_MEMFD_CREATE 1
| #define HAVE_SYS_MMAN_H 1
| #define HAVE_MMAP 1
| #define HAVE_MKOSTEMP 1
| #define HAVE_MKSTEMP 1
| #define HAVE_MMAP_FILE 1
| #define HAVE_MMAP_DEV_ZERO 1
| #define HAVE_MMAP_ANON 1
| #define STDC_HEADERS 1
| #define HAVE_MEMCPY 1
| /* end confdefs.h.  */
| #include <stdio.h>
| #ifdef HAVE_SYS_TYPES_H
| # include <sys/types.h>
| #endif
| #ifdef HAVE_SYS_STAT_H
| # include <sys/stat.h>
| #endif
| #ifdef STDC_HEADERS
| # include <stdlib.h>
| # include <stddef.h>
| #else
| # ifdef HAVE_STDLIB_H
| #  include <stdlib.h>
| # endif
| #endif
| #ifdef HAVE_STRING_H
| # if !defined STDC_HEADERS && defined HAVE_MEMORY_H
| #  include <memory.h>
| # endif
| # include <string.h>
| #endif
| #ifdef HAVE_STRINGS_H
| # include <strings.h>
| #endif
| #ifdef HAVE_INTTYPES_H
| # include <inttypes.h>
| #endif
| #ifdef HAVE_STDINT_H
| # include <stdint.h>
| #endif
| #ifdef HAVE_UNISTD_H
| # include <unistd.h>
| #endif
| int
| main ()
| {
| if (sizeof ((size_t)))
| 	    return 0;
|   ;
|   return 0;
| }
configure:13452: result: yes
configure:13465: checking for working alloca.h
configure:13482: gcc -o conftest  -O3 -fomit-frame-pointer -fstrict-aliasing -ffast-math -march=core2 -Wall -fexceptions -I/home/ad.rapidops.com/yash.dubey/local/zlib/include -L/home/ad.rapidops.com/yash.dubey/local/zlib/lib conftest.c  >&5
configure:13482: $? = 0
configure:13490: result: yes
configure:13498: checking for alloca
configure:13535: gcc -o conftest  -O3 -fomit-frame-pointer -fstrict-aliasing -ffast-math -march=core2 -Wall -fexceptions -I/home/ad.rapidops.com/yash.dubey/local/zlib/include -L/home/ad.rapidops.com/yash.dubey/local/zlib/lib conftest.c  >&5
configure:13535: $? = 0
configure:13543: result: yes
configure:13654: checking size of double
configure:13659: gcc -o conftest  -O3 -fomit-frame-pointer -fstrict-aliasing -ffast-math -march=core2 -Wall -fexceptions -I/home/ad.rapidops.com/yash.dubey/local/zlib/include -L/home/ad.rapidops.com/yash.dubey/local/zlib/lib conftest.c  >&5
configure:13659: $? = 0
configure:13659: ./conftest
configure:13659: $? = 0
configure:13673: result: 8
configure:13687: checking size of long double
configure:13692: gcc -o conftest  -O3 -fomit-frame-pointer -fstrict-aliasing -ffast-math -march=core2 -Wall -fexceptions -I/home/ad.rapidops.com/yash.dubey/local/zlib/include -L/home/ad.rapidops.com/yash.dubey/local/zlib/lib conftest.c  >&5
configure:13692: $? = 0
configure:13692: ./conftest
configure:13692: $? = 0
configure:13706: result: 16
configure:13739: checking whether byte ordering is bigendian
configure:13754: gcc -c  -O3 -fomit-frame-pointer -fstrict-aliasing -ffast-math -march=core2 -Wall -fexceptions -I/home/ad.rapidops.com/yash.dubey/local/zlib/include conftest.c >&5
conftest.c:40:9: error: unknown type name 'not'
   40 |         not a universal capable compiler
      |         ^~~
conftest.c:40:15: error: expected '=', ',', ';', 'asm' or '__attribute__' before 'universal'
   40 |         not a universal capable compiler
      |               ^~~~~~~~~
conftest.c:40:15: error: unknown type name 'universal'
configure:13754: $? = 1
configure: failed program was:
| /* confdefs.h */
| #define PACKAGE_NAME "libffi"
| #define PACKAGE_TARNAME "libffi"
| #define PACKAGE_VERSION "3.4.2"
| #define PACKAGE_STRING "libffi 3.4.2"
| #define PACKAGE_BUGREPORT "http://github.com/libffi/libffi/issues"
| #define PACKAGE_URL ""
| #define PACKAGE "libffi"
| #define VERSION "3.4.2"
| #define STDC_HEADERS 1
| #define HAVE_SYS_TYPES_H 1
| #define HAVE_SYS_STAT_H 1
| #define HAVE_STDLIB_H 1
| #define HAVE_STRING_H 1
| #define HAVE_MEMORY_H 1
| #define HAVE_STRINGS_H 1
| #define HAVE_INTTYPES_H 1
| #define HAVE_STDINT_H 1
| #define HAVE_UNISTD_H 1
| #define HAVE_DLFCN_H 1
| #define LT_OBJDIR ".libs/"
| #define SIZEOF_SIZE_T 8
| #define HAVE_MEMFD_CREATE 1
| #define HAVE_SYS_MMAN_H 1
| #define HAVE_MMAP 1
| #define HAVE_MKOSTEMP 1
| #define HAVE_MKSTEMP 1
| #define HAVE_MMAP_FILE 1
| #define HAVE_MMAP_DEV_ZERO 1
| #define HAVE_MMAP_ANON 1
| #define STDC_HEADERS 1
| #define HAVE_MEMCPY 1
| #define HAVE_ALLOCA_H 1
| #define HAVE_ALLOCA 1
| #define SIZEOF_DOUBLE 8
| #define SIZEOF_LONG_DOUBLE 16
| #define HAVE_LONG_DOUBLE 1
| /* end confdefs.h.  */
| #ifndef __APPLE_CC__
| 	       not a universal capable compiler
| 	     #endif
| 	     typedef int dummy;
| 
configure:13799: gcc -c  -O3 -fomit-frame-pointer -fstrict-aliasing -ffast-math -march=core2 -Wall -fexceptions -I/home/ad.rapidops.com/yash.dubey/local/zlib/include conftest.c >&5
configure:13799: $? = 0
configure:13817: gcc -c  -O3 -fomit-frame-pointer -fstrict-aliasing -ffast-math -march=core2 -Wall -fexceptions -I/home/ad.rapidops.com/yash.dubey/local/zlib/include conftest.c >&5
conftest.c: In function 'main':
conftest.c:46:4: error: unknown type name 'not'; did you mean 'ino_t'?
   46 |    not big endian
      |    ^~~
      |    ino_t
conftest.c:46:12: error: expected '=', ',', ';', 'asm' or '__attribute__' before 'endian'
   46 |    not big endian
      |            ^~~~~~
configure:13817: $? = 1
configure: failed program was:
| /* confdefs.h */
| #define PACKAGE_NAME "libffi"
| #define PACKAGE_TARNAME "libffi"
| #define PACKAGE_VERSION "3.4.2"
| #define PACKAGE_STRING "libffi 3.4.2"
| #define PACKAGE_BUGREPORT "http://github.com/libffi/libffi/issues"
| #define PACKAGE_URL ""
| #define PACKAGE "libffi"
| #define VERSION "3.4.2"
| #define STDC_HEADERS 1
| #define HAVE_SYS_TYPES_H 1
| #define HAVE_SYS_STAT_H 1
| #define HAVE_STDLIB_H 1
| #define HAVE_STRING_H 1
| #define HAVE_MEMORY_H 1
| #define HAVE_STRINGS_H 1
| #define HAVE_INTTYPES_H 1
| #define HAVE_STDINT_H 1
| #define HAVE_UNISTD_H 1
| #define HAVE_DLFCN_H 1
| #define LT_OBJDIR ".libs/"
| #define SIZEOF_SIZE_T 8
| #define HAVE_MEMFD_CREATE 1
| #define HAVE_SYS_MMAN_H 1
| #define HAVE_MMAP 1
| #define HAVE_MKOSTEMP 1
| #define HAVE_MKSTEMP 1
| #define HAVE_MMAP_FILE 1
| #define HAVE_MMAP_DEV_ZERO 1
| #define HAVE_MMAP_ANON 1
| #define STDC_HEADERS 1
| #define HAVE_MEMCPY 1
| #define HAVE_ALLOCA_H 1
| #define HAVE_ALLOCA 1
| #define SIZEOF_DOUBLE 8
| #define SIZEOF_LONG_DOUBLE 16
| #define HAVE_LONG_DOUBLE 1
| /* end confdefs.h.  */
| #include <sys/types.h>
| 		#include <sys/param.h>
| 
| int
| main ()
| {
| #if BYTE_ORDER != BIG_ENDIAN
| 		 not big endian
| 		#endif
| 
|   ;
|   return 0;
| }
configure:13945: result: no
configure:13964: checking assembler .cfi pseudo-op support
configure:13982: gcc -c  -O3 -fomit-frame-pointer -fstrict-aliasing -ffast-math -march=core2 -Wall -fexceptions -I/home/ad.rapidops.com/yash.dubey/local/zlib/include conftest.c >&5
configure:13982: $? = 0
configure:13990: result: yes
configure:14077: checking assembler supports pc related relocs
configure:14090: result: yes
configure:14125: checking whether compiler supports pointer authentication
configure:14153: gcc -c  -O3 -fomit-frame-pointer -fstrict-aliasing -ffast-math -march=core2 -Wall -fexceptions -I/home/ad.rapidops.com/yash.dubey/local/zlib/include conftest.c >&5
conftest.c: In function 'main':
conftest.c:53:3: error: #error Pointer authentication not supported
   53 | # error Pointer authentication not supported
      |   ^~~~~
configure:14153: $? = 1
configure: failed program was:
| /* confdefs.h */
| #define PACKAGE_NAME "libffi"
| #define PACKAGE_TARNAME "libffi"
| #define PACKAGE_VERSION "3.4.2"
| #define PACKAGE_STRING "libffi 3.4.2"
| #define PACKAGE_BUGREPORT "http://github.com/libffi/libffi/issues"
| #define PACKAGE_URL ""
| #define PACKAGE "libffi"
| #define VERSION "3.4.2"
| #define STDC_HEADERS 1
| #define HAVE_SYS_TYPES_H 1
| #define HAVE_SYS_STAT_H 1
| #define HAVE_STDLIB_H 1
| #define HAVE_STRING_H 1
| #define HAVE_MEMORY_H 1
| #define HAVE_STRINGS_H 1
| #define HAVE_INTTYPES_H 1
| #define HAVE_STDINT_H 1
| #define HAVE_UNISTD_H 1
| #define HAVE_DLFCN_H 1
| #define LT_OBJDIR ".libs/"
| #define SIZEOF_SIZE_T 8
| #define HAVE_MEMFD_CREATE 1
| #define HAVE_SYS_MMAN_H 1
| #define HAVE_MMAP 1
| #define HAVE_MKOSTEMP 1
| #define HAVE_MKSTEMP 1
| #define HAVE_MMAP_FILE 1
| #define HAVE_MMAP_DEV_ZERO 1
| #define HAVE_MMAP_ANON 1
| #define STDC_HEADERS 1
| #define HAVE_MEMCPY 1
| #define HAVE_ALLOCA_H 1
| #define HAVE_ALLOCA 1
| #define SIZEOF_DOUBLE 8
| #define SIZEOF_LONG_DOUBLE 16
| #define HAVE_LONG_DOUBLE 1
| #define HAVE_AS_CFI_PSEUDO_OP 1
| #define HAVE_AS_X86_PCREL 1
| /* end confdefs.h.  */
| 
| int
| main ()
| {
| 
| #ifdef __clang__
| # if __has_feature(ptrauth_calls)
| #  define HAVE_PTRAUTH 1
| # endif
| #endif
| 
| #ifndef HAVE_PTRAUTH
| # error Pointer authentication not supported
| #endif
| 
|   ;
|   return 0;
| }
configure:14161: result: no
configure:14180: checking for _ prefix in compiled symbols
configure:14190: gcc -c  -O3 -fomit-frame-pointer -fstrict-aliasing -ffast-math -march=core2 -Wall -fexceptions -I/home/ad.rapidops.com/yash.dubey/local/zlib/include conftest.c >&5
conftest.c: In function 'main':
conftest.c:2:12: warning: statement with no effect [-Wunused-value]
    2 | int main(){nm_test_func;return 0;}
      |            ^~~~~~~~~~~~
configure:14193: $? = 0
configure:14197: /usr/bin/nm -B conftest.o \| sed -n -e 's/^.*[	 ]\([ABCDGIRSTW][ABCDGIRSTW]*\)[	 ][	 ]*\([_A-Za-z][_A-Za-z0-9]*\)$/\1 \2 \2/p' | sed '/ __gnu_lto/d' \> conftest.nm
configure:14200: $? = 0
configure:14222: result: no
configure:14258: checking toolchain supports unwind section type
configure:14287: result: yes
configure:14297: checking whether C compiler accepts -fno-lto
configure:14316: gcc -c  -O3 -fomit-frame-pointer -fstrict-aliasing -ffast-math -march=core2 -Wall -fexceptions  -fno-lto -I/home/ad.rapidops.com/yash.dubey/local/zlib/include conftest.c >&5
configure:14316: $? = 0
configure:14324: result: yes
configure:14333: checking whether .eh_frame section should be read-only
configure:14349: result: yes
configure:14364: checking for __attribute__((visibility("hidden")))
configure:14373: gcc -Werror -S conftest.c -o conftest.s 1>&5
configure:14376: $? = 0
configure:14385: result: yes
configure:14542: checking for ld used by gcc
configure:14609: result: /usr/bin/ld
configure:14616: checking if the linker (/usr/bin/ld) is GNU ld
configure:14631: result: yes
configure:14805: checking for shared libgcc
configure:14820: gcc -o conftest  -lgcc_s -I/home/ad.rapidops.com/yash.dubey/local/zlib/include -L/home/ad.rapidops.com/yash.dubey/local/zlib/lib conftest.c  >&5
configure:14820: $? = 0
configure:14858: result: yes
configure:14944: versioning on shared library symbols is gnu
configure:15057: checking that generated files are newer than configure
configure:15063: result: done
configure:15131: creating ./config.status

## ---------------------- ##
## Running config.status. ##
## ---------------------- ##

This file was extended by libffi config.status 3.4.2, which was
generated by GNU Autoconf 2.69.  Invocation command line was

  CONFIG_FILES    = 
  CONFIG_HEADERS  = 
  CONFIG_LINKS    = 
  CONFIG_COMMANDS = 
  $ ./config.status 

on RSPL-452

config.status:1228: creating include/Makefile
config.status:1228: creating include/ffi.h
config.status:1228: creating Makefile
config.status:1228: creating testsuite/Makefile
config.status:1228: creating man/Makefile
config.status:1228: creating doc/Makefile
config.status:1228: creating libffi.pc
config.status:1228: creating fficonfig.h
config.status:1442: executing buildir commands
config.status:1472: create top_srcdir/Makefile guessed from local Makefile
config.status:1587: build in x86_64-pc-linux-gnu (HOST=)
config.status:1442: executing depfiles commands
config.status:1663: cd .       && sed -e '/# am--include-marker/d' Makefile         | make -f - am--depfiles
config.status:1668: $? = 0
config.status:1442: executing libtool commands
config.status:1442: executing include commands
config.status:1442: executing src commands

## ---------------- ##
## Cache variables. ##
## ---------------- ##

ac_cv_build=x86_64-pc-linux-gnu
ac_cv_c_bigendian=no
ac_cv_c_compiler_gnu=yes
ac_cv_cflags_warn_all=-Wall
ac_cv_cxx_compiler_gnu=yes
ac_cv_decl_map_anon=yes
ac_cv_env_CCASFLAGS_set=
ac_cv_env_CCASFLAGS_value=
ac_cv_env_CCAS_set=
ac_cv_env_CCAS_value=
ac_cv_env_CPPFLAGS_set=set
ac_cv_env_CPPFLAGS_value=-I/home/ad.rapidops.com/yash.dubey/local/zlib/include
ac_cv_env_CPP_set=
ac_cv_env_CPP_value=
ac_cv_env_CXXCPP_set=
ac_cv_env_CXXCPP_value=
ac_cv_env_LT_SYS_LIBRARY_PATH_set=
ac_cv_env_LT_SYS_LIBRARY_PATH_value=
ac_cv_env_build_alias_set=
ac_cv_env_build_alias_value=
ac_cv_env_host_alias_set=
ac_cv_env_host_alias_value=
ac_cv_env_target_alias_set=
ac_cv_env_target_alias_value=
ac_cv_func_alloca_works=yes
ac_cv_func_memcpy=yes
ac_cv_func_memfd_create=yes
ac_cv_func_mkostemp=yes
ac_cv_func_mkstemp=yes
ac_cv_func_mmap=yes
ac_cv_func_mmap_anon=yes
ac_cv_func_mmap_dev_zero=yes
ac_cv_func_mmap_file=yes
ac_cv_header_dlfcn_h=yes
ac_cv_header_inttypes_h=yes
ac_cv_header_memory_h=yes
ac_cv_header_stdc=yes
ac_cv_header_stdint_h=yes
ac_cv_header_stdlib_h=yes
ac_cv_header_string_h=yes
ac_cv_header_strings_h=yes
ac_cv_header_sys_memfd_h=no
ac_cv_header_sys_mman_h=yes
ac_cv_header_sys_stat_h=yes
ac_cv_header_sys_types_h=yes
ac_cv_header_unistd_h=yes
ac_cv_host=x86_64-pc-linux-gnu
ac_cv_objext=o
ac_cv_path_EGREP='/usr/bin/grep -E'
ac_cv_path_FGREP='/usr/bin/grep -F'
ac_cv_path_GREP=/usr/bin/grep
ac_cv_path_SED=/usr/bin/sed
ac_cv_path_ax_enable_builddir_sed=sed
ac_cv_path_install='/usr/bin/install -c'
ac_cv_path_lt_DD=/usr/bin/dd
ac_cv_path_mkdir=/usr/bin/mkdir
ac_cv_prog_AWK=mawk
ac_cv_prog_CPP='gcc -E'
ac_cv_prog_CXXCPP='g++ -E'
ac_cv_prog_ac_ct_AR=ar
ac_cv_prog_ac_ct_CC=gcc
ac_cv_prog_ac_ct_CXX=g++
ac_cv_prog_ac_ct_MANIFEST_TOOL=mt
ac_cv_prog_ac_ct_OBJDUMP=objdump
ac_cv_prog_ac_ct_RANLIB=ranlib
ac_cv_prog_ac_ct_READELF=readelf
ac_cv_prog_ac_ct_STRIP=strip
ac_cv_prog_cc_c89=
ac_cv_prog_cc_g=yes
ac_cv_prog_cxx_g=yes
ac_cv_prog_make_make_set=yes
ac_cv_sizeof_double=8
ac_cv_sizeof_long_double=16
ac_cv_sizeof_size_t=8
ac_cv_target=x86_64-pc-linux-gnu
ac_cv_type_size_t=yes
ac_cv_working_alloca_h=yes
am_cv_CCAS_dependencies_compiler_type=gcc3
am_cv_CC_dependencies_compiler_type=gcc3
am_cv_CXX_dependencies_compiler_type=gcc3
am_cv_make_support_nested_variables=yes
am_cv_prog_cc_c_o=yes
ax_cv_c_compiler_vendor=gnu
ax_cv_check_cflags____O3__fomit_frame_pointer__fstrict_aliasing__ffast_math__march_core2=yes
ax_cv_check_cflags___ffast_math=yes
ax_cv_check_cflags___fno_lto=yes
ax_cv_check_cflags___fstrict_aliasing=yes
ax_cv_check_cflags___march_core2=yes
ax_cv_gcc_archflag=-march=core2
ax_cv_gcc_x86_cpuid_0=1b:756e6547:6c65746e:49656e69
ax_cv_gcc_x86_cpuid_1=806d1:f100800:7ffafbbf:bfebfbff
gcc_cv_as_cfi_pseudo_op=yes
libffi_cv_as_ptrauth=no
libffi_cv_as_x86_64_unwind_section_type=yes
libffi_cv_as_x86_pcrel=yes
libffi_cv_hidden_visibility_attribute=yes
libffi_cv_no_lto=-fno-lto
libffi_cv_ro_eh_frame=yes
lt_cv_ar_at_file=@
lt_cv_archive_cmds_need_lc=no
lt_cv_deplibs_check_method=pass_all
lt_cv_file_magic_cmd='$MAGIC_CMD'
lt_cv_file_magic_test_file=
lt_cv_ld_reload_flag=-r
lt_cv_nm_interface='BSD nm'
lt_cv_objdir=.libs
lt_cv_path_LD=/usr/bin/ld
lt_cv_path_LDCXX='/usr/bin/ld -m elf_x86_64'
lt_cv_path_NM='/usr/bin/nm -B'
lt_cv_path_mainfest_tool=no
lt_cv_prog_compiler_c_o=yes
lt_cv_prog_compiler_c_o_CXX=yes
lt_cv_prog_compiler_pic='-fPIC -DPIC'
lt_cv_prog_compiler_pic_CXX='-fPIC -DPIC'
lt_cv_prog_compiler_pic_works=yes
lt_cv_prog_compiler_pic_works_CXX=yes
lt_cv_prog_compiler_rtti_exceptions=no
lt_cv_prog_compiler_static_works=yes
lt_cv_prog_compiler_static_works_CXX=yes
lt_cv_prog_gnu_ld=yes
lt_cv_prog_gnu_ldcxx=yes
lt_cv_sharedlib_from_linklib_cmd='printf %s\n'
lt_cv_shlibpath_overrides_runpath=yes
lt_cv_sys_global_symbol_pipe='sed -n -e '\''s/^.*[	 ]\([ABCDGIRSTW][ABCDGIRSTW]*\)[	 ][	 ]*\([_A-Za-z][_A-Za-z0-9]*\)$/\1 \2 \2/p'\'' | sed '\''/ __gnu_lto/d'\'''
lt_cv_sys_global_symbol_to_c_name_address='sed -n -e '\''s/^: \(.*\) .*$/  {"\1", (void *) 0},/p'\'' -e '\''s/^[ABCDGIRSTW][ABCDGIRSTW]* .* \(.*\)$/  {"\1", (void *) \&\1},/p'\'''
lt_cv_sys_global_symbol_to_c_name_address_lib_prefix='sed -n -e '\''s/^: \(.*\) .*$/  {"\1", (void *) 0},/p'\'' -e '\''s/^[ABCDGIRSTW][ABCDGIRSTW]* .* \(lib.*\)$/  {"\1", (void *) \&\1},/p'\'' -e '\''s/^[ABCDGIRSTW][ABCDGIRSTW]* .* \(.*\)$/  {"lib\1", (void *) \&\1},/p'\'''
lt_cv_sys_global_symbol_to_cdecl='sed -n -e '\''s/^T .* \(.*\)$/extern int \1();/p'\'' -e '\''s/^[ABCDGIRSTW][ABCDGIRSTW]* .* \(.*\)$/extern char \1;/p'\'''
lt_cv_sys_global_symbol_to_import=
lt_cv_sys_max_cmd_len=1572864
lt_cv_sys_symbol_underscore=no
lt_cv_to_host_file_cmd=func_convert_file_noop
lt_cv_to_tool_file_cmd=func_convert_file_noop
lt_cv_truncate_bin='/usr/bin/dd bs=4096 count=1'

## ----------------- ##
## Output variables. ##
## ----------------- ##

ACLOCAL='${SHELL} /home/ad.rapidops.com/yash.dubey/Desktop/scan-eat/RAG-generator/libffi-3.4.2/missing aclocal-1.16'
ALLOCA=''
AMDEPBACKSLASH='\'
AMDEP_FALSE='#'
AMDEP_TRUE=''
AMTAR='$${TAR-tar}'
AM_BACKSLASH='\'
AM_DEFAULT_V='$(AM_DEFAULT_VERBOSITY)'
AM_DEFAULT_VERBOSITY='1'
AM_LTLDFLAGS=''
AM_RUNTESTFLAGS=''
AM_V='$(V)'
AR='ar'
AUTOCONF='${SHELL} /home/ad.rapidops.com/yash.dubey/Desktop/scan-eat/RAG-generator/libffi-3.4.2/missing autoconf'
AUTOHEADER='${SHELL} /home/ad.rapidops.com/yash.dubey/Desktop/scan-eat/RAG-generator/libffi-3.4.2/missing autoheader'
AUTOMAKE='${SHELL} /home/ad.rapidops.com/yash.dubey/Desktop/scan-eat/RAG-generator/libffi-3.4.2/missing automake-1.16'
AWK='mawk'
BUILD_DOCS_FALSE='#'
BUILD_DOCS_TRUE=''
CC='gcc'
CCAS='gcc'
CCASDEPMODE='depmode=gcc3'
CCASFLAGS=''
CCDEPMODE='depmode=gcc3'
CFLAGS=' -O3 -fomit-frame-pointer -fstrict-aliasing -ffast-math -march=core2 -Wall -fexceptions'
CPP='gcc -E'
CPPFLAGS='-I/home/ad.rapidops.com/yash.dubey/local/zlib/include'
CXX='g++'
CXXCPP='g++ -E'
CXXDEPMODE='depmode=gcc3'
CXXFLAGS='-g -O2'
CYGPATH_W='echo'
DEFS='-DHAVE_CONFIG_H'
DEPDIR='.deps'
DLLTOOL='false'
DSYMUTIL=''
DUMPBIN=''
ECHO_C=''
ECHO_N='-n'
ECHO_T=''
EGREP='/usr/bin/grep -E'
EXEEXT=''
FFI_DEBUG_FALSE=''
FFI_DEBUG_TRUE='#'
FFI_EXEC_TRAMPOLINE_TABLE='0'
FFI_EXEC_TRAMPOLINE_TABLE_FALSE=''
FFI_EXEC_TRAMPOLINE_TABLE_TRUE='#'
FGREP='/usr/bin/grep -F'
GREP='/usr/bin/grep'
HAVE_LONG_DOUBLE='1'
HAVE_LONG_DOUBLE_VARIANT='0'
INSTALL_DATA='${INSTALL} -m 644'
INSTALL_PROGRAM='${INSTALL}'
INSTALL_SCRIPT='${INSTALL}'
INSTALL_STRIP_PROGRAM='$(install_sh) -c -s'
LD='/usr/bin/ld'
LDFLAGS='-L/home/ad.rapidops.com/yash.dubey/local/zlib/lib'
LIBFFI_BUILD_VERSIONED_SHLIB_FALSE='#'
LIBFFI_BUILD_VERSIONED_SHLIB_GNU_FALSE='#'
LIBFFI_BUILD_VERSIONED_SHLIB_GNU_TRUE=''
LIBFFI_BUILD_VERSIONED_SHLIB_SUN_FALSE=''
LIBFFI_BUILD_VERSIONED_SHLIB_SUN_TRUE='#'
LIBFFI_BUILD_VERSIONED_SHLIB_TRUE=''
LIBOBJS=''
LIBS=''
LIBTOOL='$(SHELL) $(top_builddir)/libtool'
LIPO=''
LN_S='ln -s'
LTLIBOBJS=''
LT_SYS_LIBRARY_PATH=''
MAINT='#'
MAINTAINER_MODE_FALSE=''
MAINTAINER_MODE_TRUE='#'
MAKEINFO='${SHELL} /home/ad.rapidops.com/yash.dubey/Desktop/scan-eat/RAG-generator/libffi-3.4.2/missing makeinfo'
MANIFEST_TOOL=':'
MKDIR_P='/usr/bin/mkdir -p'
NM='/usr/bin/nm -B'
NMEDIT=''
OBJDUMP='objdump'
OBJEXT='o'
OPT_LDFLAGS='-Wl,-O1 '
OTOOL64=''
OTOOL=''
PACKAGE='libffi'
PACKAGE_BUGREPORT='http://github.com/libffi/libffi/issues'
PACKAGE_NAME='libffi'
PACKAGE_STRING='libffi 3.4.2'
PACKAGE_TARNAME='libffi'
PACKAGE_URL=''
PACKAGE_VERSION='3.4.2'
PATH_SEPARATOR=':'
PRTDIAG=''
RANLIB='ranlib'
READELF='readelf'
SECTION_LDFLAGS=''
SED='/usr/bin/sed'
SET_MAKE=''
SHELL='/bin/bash'
STRIP='strip'
TARGET='X86_64'
TARGETDIR='x86'
TARGET_OBJ=' src/x86/ffi64.lo src/x86/unix64.lo src/x86/ffiw64.lo src/x86/win64.lo'
TESTSUBDIR_FALSE='#'
TESTSUBDIR_TRUE=''
VERSION='3.4.2'
ac_ct_AR='ar'
ac_ct_CC='gcc'
ac_ct_CXX='g++'
ac_ct_DUMPBIN=''
am__EXEEXT_FALSE=''
am__EXEEXT_TRUE='#'
am__fastdepCCAS_FALSE='#'
am__fastdepCCAS_TRUE=''
am__fastdepCC_FALSE='#'
am__fastdepCC_TRUE=''
am__fastdepCXX_FALSE='#'
am__fastdepCXX_TRUE=''
am__include='include'
am__isrc=' -I$(srcdir)'
am__leading_dot='.'
am__nodep='_no'
am__quote=''
am__tar='$${TAR-tar} chof - "$$tardir"'
am__untar='$${TAR-tar} xf -'
ax_enable_builddir_sed='sed'
bindir='${exec_prefix}/bin'
build='x86_64-pc-linux-gnu'
build_alias=''
build_cpu='x86_64'
build_os='linux-gnu'
build_vendor='pc'
datadir='${datarootdir}'
datarootdir='${prefix}/share'
docdir='${datarootdir}/doc/${PACKAGE_TARNAME}'
dvidir='${docdir}'
exec_prefix='${prefix}'
host='x86_64-pc-linux-gnu'
host_alias=''
host_cpu='x86_64'
host_os='linux-gnu'
host_vendor='pc'
htmldir='${docdir}'
includedir='${prefix}/include'
infodir='${datarootdir}/info'
install_sh='${SHELL} /home/ad.rapidops.com/yash.dubey/Desktop/scan-eat/RAG-generator/libffi-3.4.2/install-sh'
libdir='${exec_prefix}/lib'
libexecdir='${exec_prefix}/libexec'
localedir='${datarootdir}/locale'
localstatedir='${prefix}/var'
mandir='${datarootdir}/man'
mkdir_p='$(MKDIR_P)'
oldincludedir='/usr/include'
pdfdir='${docdir}'
prefix='/home/ad.rapidops.com/yash.dubey/local'
program_transform_name='s,x,x,'
psdir='${docdir}'
runstatedir='${localstatedir}/run'
sbindir='${exec_prefix}/sbin'
sharedstatedir='${prefix}/com'
sys_symbol_underscore='no'
sysconfdir='${prefix}/etc'
target='x86_64-pc-linux-gnu'
target_alias=''
target_cpu='x86_64'
target_os='linux-gnu'
target_vendor='pc'
toolexecdir='${libdir}/gcc-lib/$(target_alias)'
toolexeclibdir='${libdir}/../lib'

## ----------- ##
## confdefs.h. ##
## ----------- ##

/* confdefs.h */
#define PACKAGE_NAME "libffi"
#define PACKAGE_TARNAME "libffi"
#define PACKAGE_VERSION "3.4.2"
#define PACKAGE_STRING "libffi 3.4.2"
#define PACKAGE_BUGREPORT "http://github.com/libffi/libffi/issues"
#define PACKAGE_URL ""
#define PACKAGE "libffi"
#define VERSION "3.4.2"
#define STDC_HEADERS 1
#define HAVE_SYS_TYPES_H 1
#define HAVE_SYS_STAT_H 1
#define HAVE_STDLIB_H 1
#define HAVE_STRING_H 1
#define HAVE_MEMORY_H 1
#define HAVE_STRINGS_H 1
#define HAVE_INTTYPES_H 1
#define HAVE_STDINT_H 1
#define HAVE_UNISTD_H 1
#define HAVE_DLFCN_H 1
#define LT_OBJDIR ".libs/"
#define SIZEOF_SIZE_T 8
#define HAVE_MEMFD_CREATE 1
#define HAVE_SYS_MMAN_H 1
#define HAVE_MMAP 1
#define HAVE_MKOSTEMP 1
#define HAVE_MKSTEMP 1
#define HAVE_MMAP_FILE 1
#define HAVE_MMAP_DEV_ZERO 1
#define HAVE_MMAP_ANON 1
#define STDC_HEADERS 1
#define HAVE_MEMCPY 1
#define HAVE_ALLOCA_H 1
#define HAVE_ALLOCA 1
#define SIZEOF_DOUBLE 8
#define SIZEOF_LONG_DOUBLE 16
#define HAVE_LONG_DOUBLE 1
#define HAVE_AS_CFI_PSEUDO_OP 1
#define HAVE_AS_X86_PCREL 1
#define HAVE_AS_X86_64_UNWIND_SECTION_TYPE 1
#define HAVE_RO_EH_FRAME 1
#define EH_FRAME_FLAGS "a"
#define HAVE_HIDDEN_VISIBILITY_ATTRIBUTE 1
#define FFI_EXEC_STATIC_TRAMP 1
#define LIBFFI_GNU_SYMBOL_VERSIONING 1

configure: exit 0

## ---------------- ##
## Cache variables. ##
## ---------------- ##

ac_cv_build=x86_64-pc-linux-gnu
ac_cv_env_CCASFLAGS_set=
ac_cv_env_CCASFLAGS_value=
ac_cv_env_CCAS_set=
ac_cv_env_CCAS_value=
ac_cv_env_CPPFLAGS_set=set
ac_cv_env_CPPFLAGS_value=-I/home/ad.rapidops.com/yash.dubey/local/zlib/include
ac_cv_env_CPP_set=
ac_cv_env_CPP_value=
ac_cv_env_CXXCPP_set=
ac_cv_env_CXXCPP_value=
ac_cv_env_LT_SYS_LIBRARY_PATH_set=
ac_cv_env_LT_SYS_LIBRARY_PATH_value=
ac_cv_env_build_alias_set=
ac_cv_env_build_alias_value=
ac_cv_env_host_alias_set=
ac_cv_env_host_alias_value=
ac_cv_env_target_alias_set=
ac_cv_env_target_alias_value=
ac_cv_host=x86_64-pc-linux-gnu
ac_cv_target=x86_64-pc-linux-gnu

## ----------------- ##
## Output variables. ##
## ----------------- ##

ACLOCAL=''
ALLOCA=''
AMDEPBACKSLASH=''
AMDEP_FALSE=''
AMDEP_TRUE=''
AMTAR=''
AM_BACKSLASH=''
AM_DEFAULT_V=''
AM_DEFAULT_VERBOSITY=''
AM_LTLDFLAGS=''
AM_RUNTESTFLAGS=''
AM_V=''
AR=''
AUTOCONF=''
AUTOHEADER=''
AUTOMAKE=''
AWK=''
BUILD_DOCS_FALSE=''
BUILD_DOCS_TRUE=''
CC=''
CCAS=''
CCASDEPMODE=''
CCASFLAGS=''
CCDEPMODE=''
CFLAGS=''
CPP=''
CPPFLAGS='-I/home/ad.rapidops.com/yash.dubey/local/zlib/include'
CXX=''
CXXCPP=''
CXXDEPMODE=''
CXXFLAGS=''
CYGPATH_W=''
DEFS=''
DEPDIR=''
DLLTOOL=''
DSYMUTIL=''
DUMPBIN=''
ECHO_C=''
ECHO_N='-n'
ECHO_T=''
EGREP=''
EXEEXT=''
FFI_DEBUG_FALSE=''
FFI_DEBUG_TRUE=''
FFI_EXEC_TRAMPOLINE_TABLE=''
FFI_EXEC_TRAMPOLINE_TABLE_FALSE=''
FFI_EXEC_TRAMPOLINE_TABLE_TRUE=''
FGREP=''
GREP=''
HAVE_LONG_DOUBLE=''
HAVE_LONG_DOUBLE_VARIANT=''
INSTALL_DATA=''
INSTALL_PROGRAM=''
INSTALL_SCRIPT=''
INSTALL_STRIP_PROGRAM=''
LD=''
LDFLAGS='-L/home/ad.rapidops.com/yash.dubey/local/zlib/lib'
LIBFFI_BUILD_VERSIONED_SHLIB_FALSE=''
LIBFFI_BUILD_VERSIONED_SHLIB_GNU_FALSE=''
LIBFFI_BUILD_VERSIONED_SHLIB_GNU_TRUE=''
LIBFFI_BUILD_VERSIONED_SHLIB_SUN_FALSE=''
LIBFFI_BUILD_VERSIONED_SHLIB_SUN_TRUE=''
LIBFFI_BUILD_VERSIONED_SHLIB_TRUE=''
LIBOBJS=''
LIBS=''
LIBTOOL=''
LIPO=''
LN_S=''
LTLIBOBJS=''
LT_SYS_LIBRARY_PATH=''
MAINT=''
MAINTAINER_MODE_FALSE=''
MAINTAINER_MODE_TRUE=''
MAKEINFO=''
MANIFEST_TOOL=''
MKDIR_P=''
NM=''
NMEDIT=''
OBJDUMP=''
OBJEXT=''
OPT_LDFLAGS=''
OTOOL64=''
OTOOL=''
PACKAGE=''
PACKAGE_BUGREPORT='http://github.com/libffi/libffi/issues'
PACKAGE_NAME='libffi'
PACKAGE_STRING='libffi 3.4.2'
PACKAGE_TARNAME='libffi'
PACKAGE_URL=''
PACKAGE_VERSION='3.4.2'
PATH_SEPARATOR=':'
PRTDIAG=''
RANLIB=''
READELF=''
SECTION_LDFLAGS=''
SED=''
SET_MAKE=''
SHELL='/bin/bash'
STRIP=''
TARGET='x86_64-pc-linux-gnu'
TARGETDIR=''
TARGET_OBJ=''
TESTSUBDIR_FALSE=''
TESTSUBDIR_TRUE=''
VERSION=''
ac_ct_AR=''
ac_ct_CC=''
ac_ct_CXX=''
ac_ct_DUMPBIN=''
am__EXEEXT_FALSE=''
am__EXEEXT_TRUE=''
am__fastdepCCAS_FALSE=''
am__fastdepCCAS_TRUE=''
am__fastdepCC_FALSE=''
am__fastdepCC_TRUE=''
am__fastdepCXX_FALSE=''
am__fastdepCXX_TRUE=''
am__include=''
am__isrc=''
am__leading_dot=''
am__nodep=''
am__quote=''
am__tar=''
am__untar=''
ax_enable_builddir_sed=''
bindir='${exec_prefix}/bin'
build='x86_64-pc-linux-gnu'
build_alias=''
build_cpu='x86_64'
build_os='linux-gnu'
build_vendor='pc'
datadir='${datarootdir}'
datarootdir='${prefix}/share'
docdir='${datarootdir}/doc/${PACKAGE_TARNAME}'
dvidir='${docdir}'
exec_prefix='NONE'
host='x86_64-pc-linux-gnu'
host_alias=''
host_cpu='x86_64'
host_os='linux-gnu'
host_vendor='pc'
htmldir='${docdir}'
includedir='${prefix}/include'
infodir='${datarootdir}/info'
install_sh=''
libdir='${exec_prefix}/lib'
libexecdir='${exec_prefix}/libexec'
localedir='${datarootdir}/locale'
localstatedir='${prefix}/var'
mandir='${datarootdir}/man'
mkdir_p=''
oldincludedir='/usr/include'
pdfdir='${docdir}'
prefix='/home/ad.rapidops.com/yash.dubey/local'
program_transform_name='s,x,x,'
psdir='${docdir}'
runstatedir='${localstatedir}/run'
sbindir='${exec_prefix}/sbin'
sharedstatedir='${prefix}/com'
sys_symbol_underscore=''
sysconfdir='${prefix}/etc'
target='x86_64-pc-linux-gnu'
target_alias=''
target_cpu='x86_64'
target_os='linux-gnu'
target_vendor='pc'
toolexecdir=''
toolexeclibdir=''

configure: exit 0
